0 info it worked if it ends with ok
1 verbose cli [ 'D:\\Program Files\\nodejs\\node.exe',
1 verbose cli   'D:\\Program Files\\nodejs\\node_modules\\npm\\bin\\npm-cli.js',
1 verbose cli   'install',
1 verbose cli   'hiredis',
1 verbose cli   '-g' ]
2 info using npm@3.10.10
3 info using node@v6.9.5
4 silly loadCurrentTree Starting
5 silly install loadCurrentTree
6 silly install readGlobalPackageData
7 silly fetchPackageMetaData hiredis
8 silly fetchNamedPackageData hiredis
9 silly mapToRegistry name hiredis
10 silly mapToRegistry using default registry
11 silly mapToRegistry registry https://registry.npmjs.org/
12 silly mapToRegistry data Result {
12 silly mapToRegistry   raw: 'hiredis',
12 silly mapToRegistry   scope: null,
12 silly mapToRegistry   escapedName: 'hiredis',
12 silly mapToRegistry   name: 'hiredis',
12 silly mapToRegistry   rawSpec: '',
12 silly mapToRegistry   spec: 'latest',
12 silly mapToRegistry   type: 'tag' }
13 silly mapToRegistry uri https://registry.npmjs.org/hiredis
14 verbose request uri https://registry.npmjs.org/hiredis
15 verbose request no auth needed
16 info attempt registry request try #1 at 23:35:54
17 verbose request id cee3bee8d8aa410c
18 http request GET https://registry.npmjs.org/hiredis
19 http 200 https://registry.npmjs.org/hiredis
20 verbose headers { server: 'nginx/1.10.1',
20 verbose headers   'content-type': 'application/json',
20 verbose headers   'last-modified': 'Tue, 01 Nov 2016 17:28:45 GMT',
20 verbose headers   etag: 'W/"5818d0cd-56e1"',
20 verbose headers   'content-encoding': 'gzip',
20 verbose headers   'cache-control': 'max-age=300',
20 verbose headers   'content-length': '4083',
20 verbose headers   'accept-ranges': 'bytes',
20 verbose headers   date: 'Wed, 05 Apr 2017 15:35:56 GMT',
20 verbose headers   via: '1.1 varnish',
20 verbose headers   age: '0',
20 verbose headers   connection: 'keep-alive',
20 verbose headers   'x-served-by': 'cache-hkg6826-HKG',
20 verbose headers   'x-cache': 'HIT',
20 verbose headers   'x-cache-hits': '1',
20 verbose headers   'x-timer': 'S1491406555.343289,VS0,VE729',
20 verbose headers   vary: 'Accept-Encoding' }
21 silly get cb [ 200,
21 silly get   { server: 'nginx/1.10.1',
21 silly get     'content-type': 'application/json',
21 silly get     'last-modified': 'Tue, 01 Nov 2016 17:28:45 GMT',
21 silly get     etag: 'W/"5818d0cd-56e1"',
21 silly get     'content-encoding': 'gzip',
21 silly get     'cache-control': 'max-age=300',
21 silly get     'content-length': '4083',
21 silly get     'accept-ranges': 'bytes',
21 silly get     date: 'Wed, 05 Apr 2017 15:35:56 GMT',
21 silly get     via: '1.1 varnish',
21 silly get     age: '0',
21 silly get     connection: 'keep-alive',
21 silly get     'x-served-by': 'cache-hkg6826-HKG',
21 silly get     'x-cache': 'HIT',
21 silly get     'x-cache-hits': '1',
21 silly get     'x-timer': 'S1491406555.343289,VS0,VE729',
21 silly get     vary: 'Accept-Encoding' } ]
22 verbose get saving hiredis to D:\Program Files\nodejs\node_cache\registry.npmjs.org\hiredis\.cache.json
23 verbose correctMkdir D:\Program Files\nodejs\node_cache correctMkdir not in flight; initializing
24 silly install normalizeTree
25 silly loadCurrentTree Finishing
26 silly loadIdealTree Starting
27 silly install loadIdealTree
28 silly cloneCurrentTree Starting
29 silly install cloneCurrentTreeToIdealTree
30 silly cloneCurrentTree Finishing
31 silly loadShrinkwrap Starting
32 silly install loadShrinkwrap
33 silly loadShrinkwrap Finishing
34 silly loadAllDepsIntoIdealTree Starting
35 silly install loadAllDepsIntoIdealTree
36 silly resolveWithNewModule hiredis@0.5.0 checking installable status
37 silly cache add args [ 'hiredis', null ]
38 verbose cache add spec hiredis
39 silly cache add parsed spec Result {
39 silly cache add   raw: 'hiredis',
39 silly cache add   scope: null,
39 silly cache add   escapedName: 'hiredis',
39 silly cache add   name: 'hiredis',
39 silly cache add   rawSpec: '',
39 silly cache add   spec: 'latest',
39 silly cache add   type: 'tag' }
40 silly addNamed hiredis@latest
41 verbose addNamed "latest" is being treated as a dist-tag for hiredis
42 info addNameTag [ 'hiredis', 'latest' ]
43 silly mapToRegistry name hiredis
44 silly mapToRegistry using default registry
45 silly mapToRegistry registry https://registry.npmjs.org/
46 silly mapToRegistry data Result {
46 silly mapToRegistry   raw: 'hiredis',
46 silly mapToRegistry   scope: null,
46 silly mapToRegistry   escapedName: 'hiredis',
46 silly mapToRegistry   name: 'hiredis',
46 silly mapToRegistry   rawSpec: '',
46 silly mapToRegistry   spec: 'latest',
46 silly mapToRegistry   type: 'tag' }
47 silly mapToRegistry uri https://registry.npmjs.org/hiredis
48 verbose addNameTag registry:https://registry.npmjs.org/hiredis not in flight; fetching
49 verbose get https://registry.npmjs.org/hiredis not expired, no request
50 silly addNameTag next cb for hiredis with tag latest
51 silly addNamed hiredis@0.5.0
52 verbose addNamed "0.5.0" is a plain semver version for hiredis
53 silly mapToRegistry name hiredis
54 silly mapToRegistry using default registry
55 silly mapToRegistry registry https://registry.npmjs.org/
56 silly mapToRegistry data Result {
56 silly mapToRegistry   raw: 'hiredis',
56 silly mapToRegistry   scope: null,
56 silly mapToRegistry   escapedName: 'hiredis',
56 silly mapToRegistry   name: 'hiredis',
56 silly mapToRegistry   rawSpec: '',
56 silly mapToRegistry   spec: 'latest',
56 silly mapToRegistry   type: 'tag' }
57 silly mapToRegistry uri https://registry.npmjs.org/hiredis
58 verbose addRemoteTarball https://registry.npmjs.org/hiredis/-/hiredis-0.5.0.tgz not in flight; adding
59 verbose addRemoteTarball [ 'https://registry.npmjs.org/hiredis/-/hiredis-0.5.0.tgz',
59 verbose addRemoteTarball   'db03a98becd7003d13c260043aceecfacdf59b87' ]
60 info retry fetch attempt 1 at 23:35:55
61 info attempt registry request try #1 at 23:35:55
62 http fetch GET https://registry.npmjs.org/hiredis/-/hiredis-0.5.0.tgz
63 http fetch 200 https://registry.npmjs.org/hiredis/-/hiredis-0.5.0.tgz
64 silly fetchAndShaCheck shasum db03a98becd7003d13c260043aceecfacdf59b87
65 verbose addTmpTarball C:\Users\diao\AppData\Local\Temp\npm-10796-d95ba77c\registry.npmjs.org\hiredis\-\hiredis-0.5.0.tgz not in flight; adding
66 verbose addTmpTarball already have metadata; skipping unpack for hiredis@0.5.0
67 verbose correctMkdir D:\Program Files\nodejs\node_cache correctMkdir not in flight; initializing
68 silly cache afterAdd hiredis@0.5.0
69 verbose afterAdd D:\Program Files\nodejs\node_cache\hiredis\0.5.0\package\package.json not in flight; writing
70 verbose correctMkdir D:\Program Files\nodejs\node_cache correctMkdir not in flight; initializing
71 verbose afterAdd D:\Program Files\nodejs\node_cache\hiredis\0.5.0\package\package.json written
72 silly fetchNamedPackageData bindings
73 silly mapToRegistry name bindings
74 silly mapToRegistry using default registry
75 silly mapToRegistry registry https://registry.npmjs.org/
76 silly mapToRegistry data Result {
76 silly mapToRegistry   raw: 'bindings',
76 silly mapToRegistry   scope: null,
76 silly mapToRegistry   escapedName: 'bindings',
76 silly mapToRegistry   name: 'bindings',
76 silly mapToRegistry   rawSpec: '',
76 silly mapToRegistry   spec: 'latest',
76 silly mapToRegistry   type: 'tag' }
77 silly mapToRegistry uri https://registry.npmjs.org/bindings
78 silly fetchNamedPackageData nan
79 silly mapToRegistry name nan
80 silly mapToRegistry using default registry
81 silly mapToRegistry registry https://registry.npmjs.org/
82 silly mapToRegistry data Result {
82 silly mapToRegistry   raw: 'nan',
82 silly mapToRegistry   scope: null,
82 silly mapToRegistry   escapedName: 'nan',
82 silly mapToRegistry   name: 'nan',
82 silly mapToRegistry   rawSpec: '',
82 silly mapToRegistry   spec: 'latest',
82 silly mapToRegistry   type: 'tag' }
83 silly mapToRegistry uri https://registry.npmjs.org/nan
84 verbose request uri https://registry.npmjs.org/bindings
85 verbose request no auth needed
86 info attempt registry request try #1 at 23:35:56
87 http request GET https://registry.npmjs.org/bindings
88 verbose request uri https://registry.npmjs.org/nan
89 verbose request no auth needed
90 info attempt registry request try #1 at 23:35:56
91 http request GET https://registry.npmjs.org/nan
92 http 200 https://registry.npmjs.org/bindings
93 verbose headers { server: 'nginx/1.10.1',
93 verbose headers   'content-type': 'application/json',
93 verbose headers   'last-modified': 'Tue, 18 Oct 2016 15:54:59 GMT',
93 verbose headers   etag: 'W/"580645d3-46f7"',
93 verbose headers   'content-encoding': 'gzip',
93 verbose headers   'cache-control': 'max-age=300',
93 verbose headers   'content-length': '3493',
93 verbose headers   'accept-ranges': 'bytes',
93 verbose headers   date: 'Wed, 05 Apr 2017 15:35:57 GMT',
93 verbose headers   via: '1.1 varnish',
93 verbose headers   age: '290',
93 verbose headers   connection: 'keep-alive',
93 verbose headers   'x-served-by': 'cache-hkg6826-HKG',
93 verbose headers   'x-cache': 'HIT',
93 verbose headers   'x-cache-hits': '1',
93 verbose headers   'x-timer': 'S1491406557.245416,VS0,VE0',
93 verbose headers   vary: 'Accept-Encoding' }
94 silly get cb [ 200,
94 silly get   { server: 'nginx/1.10.1',
94 silly get     'content-type': 'application/json',
94 silly get     'last-modified': 'Tue, 18 Oct 2016 15:54:59 GMT',
94 silly get     etag: 'W/"580645d3-46f7"',
94 silly get     'content-encoding': 'gzip',
94 silly get     'cache-control': 'max-age=300',
94 silly get     'content-length': '3493',
94 silly get     'accept-ranges': 'bytes',
94 silly get     date: 'Wed, 05 Apr 2017 15:35:57 GMT',
94 silly get     via: '1.1 varnish',
94 silly get     age: '290',
94 silly get     connection: 'keep-alive',
94 silly get     'x-served-by': 'cache-hkg6826-HKG',
94 silly get     'x-cache': 'HIT',
94 silly get     'x-cache-hits': '1',
94 silly get     'x-timer': 'S1491406557.245416,VS0,VE0',
94 silly get     vary: 'Accept-Encoding' } ]
95 verbose get saving bindings to D:\Program Files\nodejs\node_cache\registry.npmjs.org\bindings\.cache.json
96 verbose correctMkdir D:\Program Files\nodejs\node_cache correctMkdir not in flight; initializing
97 silly resolveWithNewModule bindings@1.2.1 checking installable status
98 silly cache add args [ 'bindings@^1.2.1', null ]
99 verbose cache add spec bindings@^1.2.1
100 silly cache add parsed spec Result {
100 silly cache add   raw: 'bindings@^1.2.1',
100 silly cache add   scope: null,
100 silly cache add   escapedName: 'bindings',
100 silly cache add   name: 'bindings',
100 silly cache add   rawSpec: '^1.2.1',
100 silly cache add   spec: '>=1.2.1 <2.0.0',
100 silly cache add   type: 'range' }
101 silly addNamed bindings@>=1.2.1 <2.0.0
102 verbose addNamed ">=1.2.1 <2.0.0" is a valid semver range for bindings
103 silly addNameRange { name: 'bindings', range: '>=1.2.1 <2.0.0', hasData: false }
104 silly mapToRegistry name bindings
105 silly mapToRegistry using default registry
106 silly mapToRegistry registry https://registry.npmjs.org/
107 silly mapToRegistry data Result {
107 silly mapToRegistry   raw: 'bindings',
107 silly mapToRegistry   scope: null,
107 silly mapToRegistry   escapedName: 'bindings',
107 silly mapToRegistry   name: 'bindings',
107 silly mapToRegistry   rawSpec: '',
107 silly mapToRegistry   spec: 'latest',
107 silly mapToRegistry   type: 'tag' }
108 silly mapToRegistry uri https://registry.npmjs.org/bindings
109 verbose addNameRange registry:https://registry.npmjs.org/bindings not in flight; fetching
110 verbose get https://registry.npmjs.org/bindings not expired, no request
111 silly addNameRange number 2 { name: 'bindings', range: '>=1.2.1 <2.0.0', hasData: true }
112 silly addNameRange versions [ 'bindings',
112 silly addNameRange   [ '0.0.1',
112 silly addNameRange     '0.1.0',
112 silly addNameRange     '0.1.1',
112 silly addNameRange     '0.2.0',
112 silly addNameRange     '0.2.1',
112 silly addNameRange     '0.2.2',
112 silly addNameRange     '0.2.3',
112 silly addNameRange     '0.2.4',
112 silly addNameRange     '0.3.0',
112 silly addNameRange     '0.4.0',
112 silly addNameRange     '1.0.0',
112 silly addNameRange     '1.1.0',
112 silly addNameRange     '1.1.1',
112 silly addNameRange     '1.2.0',
112 silly addNameRange     '1.2.1' ] ]
113 silly addNamed bindings@1.2.1
114 verbose addNamed "1.2.1" is a plain semver version for bindings
115 silly mapToRegistry name bindings
116 silly mapToRegistry using default registry
117 silly mapToRegistry registry https://registry.npmjs.org/
118 silly mapToRegistry data Result {
118 silly mapToRegistry   raw: 'bindings',
118 silly mapToRegistry   scope: null,
118 silly mapToRegistry   escapedName: 'bindings',
118 silly mapToRegistry   name: 'bindings',
118 silly mapToRegistry   rawSpec: '',
118 silly mapToRegistry   spec: 'latest',
118 silly mapToRegistry   type: 'tag' }
119 silly mapToRegistry uri https://registry.npmjs.org/bindings
120 verbose addRemoteTarball https://registry.npmjs.org/bindings/-/bindings-1.2.1.tgz not in flight; adding
121 verbose addRemoteTarball [ 'https://registry.npmjs.org/bindings/-/bindings-1.2.1.tgz',
121 verbose addRemoteTarball   '14ad6113812d2d37d72e67b4cacb4bb726505f11' ]
122 info retry fetch attempt 1 at 23:35:56
123 info attempt registry request try #1 at 23:35:56
124 http fetch GET https://registry.npmjs.org/bindings/-/bindings-1.2.1.tgz
125 http fetch 200 https://registry.npmjs.org/bindings/-/bindings-1.2.1.tgz
126 silly fetchAndShaCheck shasum 14ad6113812d2d37d72e67b4cacb4bb726505f11
127 verbose addTmpTarball C:\Users\diao\AppData\Local\Temp\npm-10796-d95ba77c\registry.npmjs.org\bindings\-\bindings-1.2.1.tgz not in flight; adding
128 verbose addTmpTarball already have metadata; skipping unpack for bindings@1.2.1
129 verbose correctMkdir D:\Program Files\nodejs\node_cache correctMkdir not in flight; initializing
130 silly cache afterAdd bindings@1.2.1
131 verbose afterAdd D:\Program Files\nodejs\node_cache\bindings\1.2.1\package\package.json not in flight; writing
132 verbose correctMkdir D:\Program Files\nodejs\node_cache correctMkdir not in flight; initializing
133 verbose afterAdd D:\Program Files\nodejs\node_cache\bindings\1.2.1\package\package.json written
134 http 200 https://registry.npmjs.org/nan
135 verbose headers { server: 'nginx/1.10.1',
135 verbose headers   'content-type': 'application/json',
135 verbose headers   'last-modified': 'Fri, 31 Mar 2017 18:34:42 GMT',
135 verbose headers   etag: 'W/"58dea142-1df90"',
135 verbose headers   'content-encoding': 'gzip',
135 verbose headers   'cache-control': 'max-age=300',
135 verbose headers   'content-length': '14450',
135 verbose headers   'accept-ranges': 'bytes',
135 verbose headers   date: 'Wed, 05 Apr 2017 15:35:57 GMT',
135 verbose headers   via: '1.1 varnish',
135 verbose headers   age: '153',
135 verbose headers   connection: 'keep-alive',
135 verbose headers   'x-served-by': 'cache-hkg6824-HKG',
135 verbose headers   'x-cache': 'HIT',
135 verbose headers   'x-cache-hits': '1',
135 verbose headers   'x-timer': 'S1491406557.336562,VS0,VE0',
135 verbose headers   vary: 'Accept-Encoding' }
136 silly get cb [ 200,
136 silly get   { server: 'nginx/1.10.1',
136 silly get     'content-type': 'application/json',
136 silly get     'last-modified': 'Fri, 31 Mar 2017 18:34:42 GMT',
136 silly get     etag: 'W/"58dea142-1df90"',
136 silly get     'content-encoding': 'gzip',
136 silly get     'cache-control': 'max-age=300',
136 silly get     'content-length': '14450',
136 silly get     'accept-ranges': 'bytes',
136 silly get     date: 'Wed, 05 Apr 2017 15:35:57 GMT',
136 silly get     via: '1.1 varnish',
136 silly get     age: '153',
136 silly get     connection: 'keep-alive',
136 silly get     'x-served-by': 'cache-hkg6824-HKG',
136 silly get     'x-cache': 'HIT',
136 silly get     'x-cache-hits': '1',
136 silly get     'x-timer': 'S1491406557.336562,VS0,VE0',
136 silly get     vary: 'Accept-Encoding' } ]
137 verbose get saving nan to D:\Program Files\nodejs\node_cache\registry.npmjs.org\nan\.cache.json
138 verbose correctMkdir D:\Program Files\nodejs\node_cache correctMkdir not in flight; initializing
139 silly resolveWithNewModule nan@2.5.1 checking installable status
140 silly cache add args [ 'nan@^2.3.4', null ]
141 verbose cache add spec nan@^2.3.4
142 silly cache add parsed spec Result {
142 silly cache add   raw: 'nan@^2.3.4',
142 silly cache add   scope: null,
142 silly cache add   escapedName: 'nan',
142 silly cache add   name: 'nan',
142 silly cache add   rawSpec: '^2.3.4',
142 silly cache add   spec: '>=2.3.4 <3.0.0',
142 silly cache add   type: 'range' }
143 silly addNamed nan@>=2.3.4 <3.0.0
144 verbose addNamed ">=2.3.4 <3.0.0" is a valid semver range for nan
145 silly addNameRange { name: 'nan', range: '>=2.3.4 <3.0.0', hasData: false }
146 silly mapToRegistry name nan
147 silly mapToRegistry using default registry
148 silly mapToRegistry registry https://registry.npmjs.org/
149 silly mapToRegistry data Result {
149 silly mapToRegistry   raw: 'nan',
149 silly mapToRegistry   scope: null,
149 silly mapToRegistry   escapedName: 'nan',
149 silly mapToRegistry   name: 'nan',
149 silly mapToRegistry   rawSpec: '',
149 silly mapToRegistry   spec: 'latest',
149 silly mapToRegistry   type: 'tag' }
150 silly mapToRegistry uri https://registry.npmjs.org/nan
151 verbose addNameRange registry:https://registry.npmjs.org/nan not in flight; fetching
152 verbose get https://registry.npmjs.org/nan not expired, no request
153 silly addNameRange number 2 { name: 'nan', range: '>=2.3.4 <3.0.0', hasData: true }
154 silly addNameRange versions [ 'nan',
154 silly addNameRange   [ '0.3.0-wip',
154 silly addNameRange     '0.3.0-wip2',
154 silly addNameRange     '0.3.0',
154 silly addNameRange     '0.3.1',
154 silly addNameRange     '0.3.2',
154 silly addNameRange     '0.4.0',
154 silly addNameRange     '0.4.1',
154 silly addNameRange     '0.4.2',
154 silly addNameRange     '0.4.3',
154 silly addNameRange     '0.4.4',
154 silly addNameRange     '0.5.0',
154 silly addNameRange     '0.5.1',
154 silly addNameRange     '0.5.2',
154 silly addNameRange     '0.6.0',
154 silly addNameRange     '0.7.0',
154 silly addNameRange     '0.7.1',
154 silly addNameRange     '0.8.0',
154 silly addNameRange     '1.0.0',
154 silly addNameRange     '1.1.0',
154 silly addNameRange     '1.1.1',
154 silly addNameRange     '1.1.2',
154 silly addNameRange     '1.2.0',
154 silly addNameRange     '1.3.0',
154 silly addNameRange     '1.4.0',
154 silly addNameRange     '1.4.1',
154 silly addNameRange     '1.5.0',
154 silly addNameRange     '1.4.2',
154 silly addNameRange     '1.4.3',
154 silly addNameRange     '1.5.1',
154 silly addNameRange     '1.5.2',
154 silly addNameRange     '1.6.0',
154 silly addNameRange     '1.5.3',
154 silly addNameRange     '1.6.1',
154 silly addNameRange     '1.6.2',
154 silly addNameRange     '1.7.0',
154 silly addNameRange     '1.8.0',
154 silly addNameRange     '1.8.1',
154 silly addNameRange     '1.8.2',
154 silly addNameRange     '1.8.3',
154 silly addNameRange     '1.8.4',
154 silly addNameRange     '1.9.0',
154 silly addNameRange     '2.0.0',
154 silly addNameRange     '2.0.1',
154 silly addNameRange     '2.0.2',
154 silly addNameRange     '2.0.3',
154 silly addNameRange     '2.0.4',
154 silly addNameRange     '2.0.5',
154 silly addNameRange     '2.0.6',
154 silly addNameRange     '2.0.7',
154 silly addNameRange     '2.0.8',
154 silly addNameRange     '2.0.9',
154 silly addNameRange     '2.1.0',
154 silly addNameRange     '2.2.0',
154 silly addNameRange     '2.2.1',
154 silly addNameRange     '2.3.0',
154 silly addNameRange     '2.3.1',
154 silly addNameRange     '2.3.2',
154 silly addNameRange     '2.3.3',
154 silly addNameRange     '2.3.4',
154 silly addNameRange     '2.3.5',
154 silly addNameRange     '2.4.0',
154 silly addNameRange     '2.5.0',
154 silly addNameRange     '2.5.1' ] ]
155 silly addNamed nan@2.5.1
156 verbose addNamed "2.5.1" is a plain semver version for nan
157 silly mapToRegistry name nan
158 silly mapToRegistry using default registry
159 silly mapToRegistry registry https://registry.npmjs.org/
160 silly mapToRegistry data Result {
160 silly mapToRegistry   raw: 'nan',
160 silly mapToRegistry   scope: null,
160 silly mapToRegistry   escapedName: 'nan',
160 silly mapToRegistry   name: 'nan',
160 silly mapToRegistry   rawSpec: '',
160 silly mapToRegistry   spec: 'latest',
160 silly mapToRegistry   type: 'tag' }
161 silly mapToRegistry uri https://registry.npmjs.org/nan
162 verbose addRemoteTarball https://registry.npmjs.org/nan/-/nan-2.5.1.tgz not in flight; adding
163 verbose addRemoteTarball [ 'https://registry.npmjs.org/nan/-/nan-2.5.1.tgz',
163 verbose addRemoteTarball   'd5b01691253326a97a2bbee9e61c55d8d60351e2' ]
164 info retry fetch attempt 1 at 23:35:56
165 info attempt registry request try #1 at 23:35:56
166 http fetch GET https://registry.npmjs.org/nan/-/nan-2.5.1.tgz
167 http fetch 200 https://registry.npmjs.org/nan/-/nan-2.5.1.tgz
168 silly fetchAndShaCheck shasum d5b01691253326a97a2bbee9e61c55d8d60351e2
169 verbose addTmpTarball C:\Users\diao\AppData\Local\Temp\npm-10796-d95ba77c\registry.npmjs.org\nan\-\nan-2.5.1.tgz not in flight; adding
170 verbose addTmpTarball already have metadata; skipping unpack for nan@2.5.1
171 verbose correctMkdir D:\Program Files\nodejs\node_cache correctMkdir not in flight; initializing
172 silly cache afterAdd nan@2.5.1
173 verbose afterAdd D:\Program Files\nodejs\node_cache\nan\2.5.1\package\package.json not in flight; writing
174 verbose correctMkdir D:\Program Files\nodejs\node_cache correctMkdir not in flight; initializing
175 verbose afterAdd D:\Program Files\nodejs\node_cache\nan\2.5.1\package\package.json written
176 silly loadAllDepsIntoIdealTree Finishing
177 silly loadIdealTree Finishing
178 silly currentTree node_global
179 silly idealTree node_global
179 silly idealTree `-- hiredis@0.5.0
179 silly idealTree   +-- bindings@1.2.1
179 silly idealTree   `-- nan@2.5.1
180 silly generateActionsToTake Starting
181 silly install generateActionsToTake
182 silly generateActionsToTake Finishing
183 silly diffTrees action count 3
184 silly diffTrees add bindings@1.2.1
185 silly diffTrees add nan@2.5.1
186 silly diffTrees add hiredis@0.5.0
187 silly decomposeActions action count 24
188 silly decomposeActions fetch bindings@1.2.1
189 silly decomposeActions extract bindings@1.2.1
190 silly decomposeActions test bindings@1.2.1
191 silly decomposeActions preinstall bindings@1.2.1
192 silly decomposeActions build bindings@1.2.1
193 silly decomposeActions install bindings@1.2.1
194 silly decomposeActions postinstall bindings@1.2.1
195 silly decomposeActions finalize bindings@1.2.1
196 silly decomposeActions fetch nan@2.5.1
197 silly decomposeActions extract nan@2.5.1
198 silly decomposeActions test nan@2.5.1
199 silly decomposeActions preinstall nan@2.5.1
200 silly decomposeActions build nan@2.5.1
201 silly decomposeActions install nan@2.5.1
202 silly decomposeActions postinstall nan@2.5.1
203 silly decomposeActions finalize nan@2.5.1
204 silly decomposeActions fetch hiredis@0.5.0
205 silly decomposeActions extract hiredis@0.5.0
206 silly decomposeActions test hiredis@0.5.0
207 silly decomposeActions preinstall hiredis@0.5.0
208 silly decomposeActions build hiredis@0.5.0
209 silly decomposeActions install hiredis@0.5.0
210 silly decomposeActions postinstall hiredis@0.5.0
211 silly decomposeActions finalize hiredis@0.5.0
212 silly runTopLevelLifecycles Starting
213 silly executeActions Starting
214 silly install executeActions
215 silly doSerial global-install 0
216 silly doParallel fetch 3
217 verbose correctMkdir D:\Program Files\nodejs\node_cache\_locks correctMkdir not in flight; initializing
218 verbose lock using D:\Program Files\nodejs\node_cache\_locks\staging-530f0d2253de4e7b.lock for D:\Program Files\nodejs\node_global\node_modules\.staging
219 silly doParallel extract 3
220 silly extract bindings@1.2.1
221 silly extract nan@2.5.1
222 silly extract hiredis@0.5.0
223 verbose unbuild node_modules\.staging\bindings-574bf7df
224 verbose unbuild node_modules\.staging\nan-c6d24e59
225 verbose unbuild node_modules\.staging\hiredis-300e1f6d
226 silly gentlyRm D:\Program Files\nodejs\node_global\node_modules\.staging\bindings-574bf7df is being purged from base D:\Program Files\nodejs\node_global
227 verbose gentlyRm don't care about contents; nuking D:\Program Files\nodejs\node_global\node_modules\.staging\bindings-574bf7df
228 verbose tar unpack D:\Program Files\nodejs\node_cache\bindings\1.2.1\package.tgz
229 verbose tar unpacking to D:\Program Files\nodejs\node_global\node_modules\.staging\bindings-574bf7df
230 silly gentlyRm D:\Program Files\nodejs\node_global\node_modules\.staging\bindings-574bf7df is being purged
231 verbose gentlyRm don't care about contents; nuking D:\Program Files\nodejs\node_global\node_modules\.staging\bindings-574bf7df
232 silly gentlyRm D:\Program Files\nodejs\node_global\node_modules\.staging\nan-c6d24e59 is being purged from base D:\Program Files\nodejs\node_global
233 verbose gentlyRm don't care about contents; nuking D:\Program Files\nodejs\node_global\node_modules\.staging\nan-c6d24e59
234 silly gentlyRm D:\Program Files\nodejs\node_global\node_modules\.staging\hiredis-300e1f6d is being purged from base D:\Program Files\nodejs\node_global
235 verbose gentlyRm don't care about contents; nuking D:\Program Files\nodejs\node_global\node_modules\.staging\hiredis-300e1f6d
236 silly gunzTarPerm modes [ '777', '666' ]
237 verbose tar unpack D:\Program Files\nodejs\node_cache\nan\2.5.1\package.tgz
238 verbose tar unpacking to D:\Program Files\nodejs\node_global\node_modules\.staging\nan-c6d24e59
239 silly gentlyRm D:\Program Files\nodejs\node_global\node_modules\.staging\nan-c6d24e59 is being purged
240 verbose gentlyRm don't care about contents; nuking D:\Program Files\nodejs\node_global\node_modules\.staging\nan-c6d24e59
241 verbose tar unpack D:\Program Files\nodejs\node_cache\hiredis\0.5.0\package.tgz
242 verbose tar unpacking to D:\Program Files\nodejs\node_global\node_modules\.staging\hiredis-300e1f6d
243 silly gentlyRm D:\Program Files\nodejs\node_global\node_modules\.staging\hiredis-300e1f6d is being purged
244 verbose gentlyRm don't care about contents; nuking D:\Program Files\nodejs\node_global\node_modules\.staging\hiredis-300e1f6d
245 silly gunzTarPerm modes [ '777', '666' ]
246 silly gunzTarPerm modes [ '777', '666' ]
247 silly gunzTarPerm extractEntry package.json
248 silly gunzTarPerm modified mode [ 'package.json', 420, 438 ]
249 silly gunzTarPerm extractEntry package.json
250 silly gunzTarPerm modified mode [ 'package.json', 436, 438 ]
251 silly gunzTarPerm extractEntry package.json
252 silly gunzTarPerm modified mode [ 'package.json', 420, 438 ]
253 silly gunzTarPerm extractEntry README.md
254 silly gunzTarPerm modified mode [ 'README.md', 420, 438 ]
255 silly gunzTarPerm extractEntry bindings.js
256 silly gunzTarPerm modified mode [ 'bindings.js', 420, 438 ]
257 silly gunzTarPerm extractEntry README.md
258 silly gunzTarPerm modified mode [ 'README.md', 436, 438 ]
259 silly gunzTarPerm extractEntry .npmignore
260 silly gunzTarPerm modified mode [ '.npmignore', 420, 438 ]
261 silly gunzTarPerm extractEntry README.md
262 silly gunzTarPerm modified mode [ 'README.md', 420, 438 ]
263 silly gunzTarPerm extractEntry include_dirs.js
264 silly gunzTarPerm modified mode [ 'include_dirs.js', 436, 438 ]
265 silly gunzTarPerm extractEntry nan_converters.h
266 silly gunzTarPerm modified mode [ 'nan_converters.h', 436, 438 ]
267 silly gunzTarPerm extractEntry CHANGELOG.md
268 silly gunzTarPerm modified mode [ 'CHANGELOG.md', 436, 438 ]
269 silly gunzTarPerm extractEntry LICENSE.md
270 silly gunzTarPerm modified mode [ 'LICENSE.md', 436, 438 ]
271 silly gunzTarPerm extractEntry bench.js
272 silly gunzTarPerm modified mode [ 'bench.js', 420, 438 ]
273 silly gunzTarPerm extractEntry hiredis.js
274 silly gunzTarPerm modified mode [ 'hiredis.js', 420, 438 ]
275 silly gunzTarPerm extractEntry doc/node_misc.md
276 silly gunzTarPerm modified mode [ 'doc/node_misc.md', 436, 438 ]
277 silly gunzTarPerm extractEntry COPYING
278 silly gunzTarPerm modified mode [ 'COPYING', 420, 438 ]
279 silly gunzTarPerm extractEntry Makefile
280 silly gunzTarPerm modified mode [ 'Makefile', 420, 438 ]
281 silly gunzTarPerm extractEntry doc/asyncworker.md
282 silly gunzTarPerm modified mode [ 'doc/asyncworker.md', 436, 438 ]
283 silly gunzTarPerm extractEntry doc/callback.md
284 silly gunzTarPerm modified mode [ 'doc/callback.md', 436, 438 ]
285 silly gunzTarPerm extractEntry appveyor.yml
286 silly gunzTarPerm modified mode [ 'appveyor.yml', 420, 438 ]
287 silly gunzTarPerm extractEntry .gitmodules
288 silly gunzTarPerm modified mode [ '.gitmodules', 420, 438 ]
289 silly gunzTarPerm extractEntry doc/converters.md
290 silly gunzTarPerm modified mode [ 'doc/converters.md', 436, 438 ]
291 silly gunzTarPerm extractEntry doc/errors.md
292 silly gunzTarPerm modified mode [ 'doc/errors.md', 436, 438 ]
293 silly gunzTarPerm extractEntry doc/maybe_types.md
294 silly gunzTarPerm modified mode [ 'doc/maybe_types.md', 436, 438 ]
295 silly gunzTarPerm extractEntry doc/methods.md
296 silly gunzTarPerm modified mode [ 'doc/methods.md', 436, 438 ]
297 silly gunzTarPerm extractEntry doc/new.md
298 silly gunzTarPerm modified mode [ 'doc/new.md', 436, 438 ]
299 silly gunzTarPerm extractEntry binding.gyp
300 silly gunzTarPerm modified mode [ 'binding.gyp', 420, 438 ]
301 silly gentlyRm D:\Program Files\nodejs\node_global\node_modules\.staging\bindings-574bf7df\node_modules is being purged
302 verbose gentlyRm don't care about contents; nuking D:\Program Files\nodejs\node_global\node_modules\.staging\bindings-574bf7df\node_modules
303 silly gunzTarPerm extractEntry doc/buffers.md
304 silly gunzTarPerm modified mode [ 'doc/buffers.md', 436, 438 ]
305 silly gunzTarPerm extractEntry doc/object_wrappers.md
306 silly gunzTarPerm modified mode [ 'doc/object_wrappers.md', 436, 438 ]
307 silly gunzTarPerm extractEntry deps/hiredis/.npmignore
308 silly gunzTarPerm modified mode [ 'deps/hiredis/.npmignore', 420, 438 ]
309 silly gunzTarPerm extractEntry deps/hiredis/README.md
310 silly gunzTarPerm modified mode [ 'deps/hiredis/README.md', 420, 438 ]
311 silly gunzTarPerm extractEntry deps/hiredis/CHANGELOG.md
312 silly gunzTarPerm modified mode [ 'deps/hiredis/CHANGELOG.md', 420, 438 ]
313 silly gunzTarPerm extractEntry deps/hiredis/COPYING
314 silly gunzTarPerm modified mode [ 'deps/hiredis/COPYING', 420, 438 ]
315 silly gunzTarPerm extractEntry doc/persistent.md
316 silly gunzTarPerm modified mode [ 'doc/persistent.md', 436, 438 ]
317 silly gunzTarPerm extractEntry doc/scopes.md
318 silly gunzTarPerm modified mode [ 'doc/scopes.md', 436, 438 ]
319 silly gunzTarPerm extractEntry deps/hiredis/Makefile
320 silly gunzTarPerm modified mode [ 'deps/hiredis/Makefile', 420, 438 ]
321 silly gunzTarPerm extractEntry deps/hiredis/win32.h
322 silly gunzTarPerm modified mode [ 'deps/hiredis/win32.h', 420, 438 ]
323 silly gunzTarPerm extractEntry doc/script.md
324 silly gunzTarPerm modified mode [ 'doc/script.md', 436, 438 ]
325 silly gunzTarPerm extractEntry doc/string_bytes.md
326 silly gunzTarPerm modified mode [ 'doc/string_bytes.md', 436, 438 ]
327 silly gunzTarPerm extractEntry deps/hiredis/adapters/ae.h
328 silly gunzTarPerm modified mode [ 'deps/hiredis/adapters/ae.h', 420, 438 ]
329 silly gunzTarPerm extractEntry deps/hiredis/adapters/glib.h
330 silly gunzTarPerm modified mode [ 'deps/hiredis/adapters/glib.h', 420, 438 ]
331 silly gunzTarPerm extractEntry doc/v8_internals.md
332 silly gunzTarPerm modified mode [ 'doc/v8_internals.md', 436, 438 ]
333 silly gunzTarPerm extractEntry doc/v8_misc.md
334 silly gunzTarPerm modified mode [ 'doc/v8_misc.md', 436, 438 ]
335 silly gunzTarPerm extractEntry deps/hiredis/adapters/libev.h
336 silly gunzTarPerm modified mode [ 'deps/hiredis/adapters/libev.h', 420, 438 ]
337 silly gunzTarPerm extractEntry deps/hiredis/adapters/libevent.h
338 silly gunzTarPerm modified mode [ 'deps/hiredis/adapters/libevent.h', 420, 438 ]
339 silly gunzTarPerm extractEntry nan.h
340 silly gunzTarPerm modified mode [ 'nan.h', 436, 438 ]
341 silly gunzTarPerm extractEntry nan_callbacks.h
342 silly gunzTarPerm modified mode [ 'nan_callbacks.h', 436, 438 ]
343 silly gunzTarPerm extractEntry deps/hiredis/adapters/libuv.h
344 silly gunzTarPerm modified mode [ 'deps/hiredis/adapters/libuv.h', 420, 438 ]
345 silly gunzTarPerm extractEntry deps/hiredis/async.c
346 silly gunzTarPerm modified mode [ 'deps/hiredis/async.c', 420, 438 ]
347 silly gunzTarPerm extractEntry nan_callbacks_12_inl.h
348 silly gunzTarPerm modified mode [ 'nan_callbacks_12_inl.h', 436, 438 ]
349 silly gunzTarPerm extractEntry nan_callbacks_pre_12_inl.h
350 silly gunzTarPerm modified mode [ 'nan_callbacks_pre_12_inl.h', 436, 438 ]
351 silly gunzTarPerm extractEntry deps/hiredis/async.h
352 silly gunzTarPerm modified mode [ 'deps/hiredis/async.h', 420, 438 ]
353 silly gunzTarPerm extractEntry deps/hiredis/dict.c
354 silly gunzTarPerm modified mode [ 'deps/hiredis/dict.c', 420, 438 ]
355 silly gunzTarPerm extractEntry deps/hiredis/dict.h
356 silly gunzTarPerm modified mode [ 'deps/hiredis/dict.h', 420, 438 ]
357 silly gunzTarPerm extractEntry nan_converters_43_inl.h
358 silly gunzTarPerm modified mode [ 'nan_converters_43_inl.h', 436, 438 ]
359 silly gunzTarPerm extractEntry nan_converters_pre_43_inl.h
360 silly gunzTarPerm modified mode [ 'nan_converters_pre_43_inl.h', 436, 438 ]
361 silly gunzTarPerm extractEntry nan_implementation_12_inl.h
362 silly gunzTarPerm modified mode [ 'nan_implementation_12_inl.h', 436, 438 ]
363 silly gunzTarPerm extractEntry nan_implementation_pre_12_inl.h
364 silly gunzTarPerm modified mode [ 'nan_implementation_pre_12_inl.h', 436, 438 ]
365 silly gunzTarPerm extractEntry deps/hiredis/.travis.yml
366 silly gunzTarPerm modified mode [ 'deps/hiredis/.travis.yml', 420, 438 ]
367 silly gunzTarPerm extractEntry deps/hiredis/fmacros.h
368 silly gunzTarPerm modified mode [ 'deps/hiredis/fmacros.h', 420, 438 ]
369 silly gunzTarPerm extractEntry nan_maybe_43_inl.h
370 silly gunzTarPerm modified mode [ 'nan_maybe_43_inl.h', 436, 438 ]
371 silly gunzTarPerm extractEntry nan_maybe_pre_43_inl.h
372 silly gunzTarPerm modified mode [ 'nan_maybe_pre_43_inl.h', 436, 438 ]
373 silly gunzTarPerm extractEntry nan_new.h
374 silly gunzTarPerm modified mode [ 'nan_new.h', 436, 438 ]
375 silly gunzTarPerm extractEntry deps/hiredis/hiredis.c
376 silly gunzTarPerm modified mode [ 'deps/hiredis/hiredis.c', 420, 438 ]
377 silly gunzTarPerm extractEntry deps/hiredis/hiredis.h
378 silly gunzTarPerm modified mode [ 'deps/hiredis/hiredis.h', 420, 438 ]
379 silly gunzTarPerm extractEntry nan_object_wrap.h
380 silly gunzTarPerm modified mode [ 'nan_object_wrap.h', 436, 438 ]
381 silly gunzTarPerm extractEntry deps/hiredis/net.c
382 silly gunzTarPerm modified mode [ 'deps/hiredis/net.c', 420, 438 ]
383 silly gunzTarPerm extractEntry deps/hiredis/net.h
384 silly gunzTarPerm modified mode [ 'deps/hiredis/net.h', 420, 438 ]
385 silly gunzTarPerm extractEntry nan_persistent_12_inl.h
386 silly gunzTarPerm modified mode [ 'nan_persistent_12_inl.h', 436, 438 ]
387 silly gunzTarPerm extractEntry nan_persistent_pre_12_inl.h
388 silly gunzTarPerm modified mode [ 'nan_persistent_pre_12_inl.h', 436, 438 ]
389 silly gunzTarPerm extractEntry deps/hiredis/read.c
390 silly gunzTarPerm modified mode [ 'deps/hiredis/read.c', 420, 438 ]
391 silly gunzTarPerm extractEntry deps/hiredis/read.h
392 silly gunzTarPerm modified mode [ 'deps/hiredis/read.h', 420, 438 ]
393 silly gunzTarPerm extractEntry nan_private.h
394 silly gunzTarPerm modified mode [ 'nan_private.h', 436, 438 ]
395 silly gunzTarPerm extractEntry nan_string_bytes.h
396 silly gunzTarPerm modified mode [ 'nan_string_bytes.h', 436, 438 ]
397 silly gunzTarPerm extractEntry deps/hiredis/sds.c
398 silly gunzTarPerm modified mode [ 'deps/hiredis/sds.c', 420, 438 ]
399 silly gunzTarPerm extractEntry deps/hiredis/sds.h
400 silly gunzTarPerm modified mode [ 'deps/hiredis/sds.h', 420, 438 ]
401 silly gunzTarPerm extractEntry nan_typedarray_contents.h
402 silly gunzTarPerm modified mode [ 'nan_typedarray_contents.h', 436, 438 ]
403 silly gunzTarPerm extractEntry nan_weak.h
404 silly gunzTarPerm modified mode [ 'nan_weak.h', 436, 438 ]
405 silly gunzTarPerm extractEntry deps/hiredis/test.c
406 silly gunzTarPerm modified mode [ 'deps/hiredis/test.c', 420, 438 ]
407 silly gunzTarPerm extractEntry deps/hiredis/examples/example-ae.c
408 silly gunzTarPerm modified mode [ 'deps/hiredis/examples/example-ae.c', 420, 438 ]
409 silly gunzTarPerm extractEntry tools/package.json
410 silly gunzTarPerm modified mode [ 'tools/package.json', 436, 438 ]
411 silly gunzTarPerm extractEntry tools/README.md
412 silly gunzTarPerm modified mode [ 'tools/README.md', 436, 438 ]
413 silly gunzTarPerm extractEntry deps/hiredis/examples/example-glib.c
414 silly gunzTarPerm modified mode [ 'deps/hiredis/examples/example-glib.c', 420, 438 ]
415 silly gunzTarPerm extractEntry deps/hiredis/examples/example-libev.c
416 silly gunzTarPerm modified mode [ 'deps/hiredis/examples/example-libev.c', 420, 438 ]
417 silly gunzTarPerm extractEntry tools/1to2.js
418 silly gunzTarPerm modified mode [ 'tools/1to2.js', 509, 511 ]
419 silly gunzTarPerm extractEntry deps/hiredis/examples/example-libevent.c
420 silly gunzTarPerm modified mode [ 'deps/hiredis/examples/example-libevent.c', 420, 438 ]
421 silly gunzTarPerm extractEntry deps/hiredis/examples/example-libuv.c
422 silly gunzTarPerm modified mode [ 'deps/hiredis/examples/example-libuv.c', 420, 438 ]
423 silly gunzTarPerm extractEntry deps/hiredis/examples/example.c
424 silly gunzTarPerm modified mode [ 'deps/hiredis/examples/example.c', 420, 438 ]
425 silly gunzTarPerm extractEntry deps/hiredis.gyp
426 silly gunzTarPerm modified mode [ 'deps/hiredis.gyp', 420, 438 ]
427 silly gunzTarPerm extractEntry .travis.yml
428 silly gunzTarPerm modified mode [ '.travis.yml', 420, 438 ]
429 silly gunzTarPerm extractEntry src/hiredis.cc
430 silly gunzTarPerm modified mode [ 'src/hiredis.cc', 420, 438 ]
431 silly gunzTarPerm extractEntry src/reader.cc
432 silly gunzTarPerm modified mode [ 'src/reader.cc', 420, 438 ]
433 silly gunzTarPerm extractEntry src/reader.h
434 silly gunzTarPerm modified mode [ 'src/reader.h', 420, 438 ]
435 silly gunzTarPerm extractEntry CHANGELOG.md
436 silly gunzTarPerm modified mode [ 'CHANGELOG.md', 420, 438 ]
437 silly gunzTarPerm extractEntry test/reader.js
438 silly gunzTarPerm modified mode [ 'test/reader.js', 420, 438 ]
439 silly gunzTarPerm extractEntry test/testlib.js
440 silly gunzTarPerm modified mode [ 'test/testlib.js', 420, 438 ]
441 silly gunzTarPerm extractEntry test/writer.js
442 silly gunzTarPerm modified mode [ 'test/writer.js', 420, 438 ]
443 silly gentlyRm D:\Program Files\nodejs\node_global\node_modules\.staging\nan-c6d24e59\node_modules is being purged
444 verbose gentlyRm don't care about contents; nuking D:\Program Files\nodejs\node_global\node_modules\.staging\nan-c6d24e59\node_modules
445 silly gentlyRm D:\Program Files\nodejs\node_global\node_modules\.staging\hiredis-300e1f6d\node_modules is being purged
446 verbose gentlyRm don't care about contents; nuking D:\Program Files\nodejs\node_global\node_modules\.staging\hiredis-300e1f6d\node_modules
447 silly doParallel preinstall 3
448 silly preinstall bindings@1.2.1 D:\Program Files\nodejs\node_global\node_modules\.staging\bindings-574bf7df
449 info lifecycle bindings@1.2.1~preinstall: bindings@1.2.1
450 silly preinstall nan@2.5.1 D:\Program Files\nodejs\node_global\node_modules\.staging\nan-c6d24e59
451 info lifecycle nan@2.5.1~preinstall: nan@2.5.1
452 silly preinstall hiredis@0.5.0 D:\Program Files\nodejs\node_global\node_modules\.staging\hiredis-300e1f6d
453 info lifecycle hiredis@0.5.0~preinstall: hiredis@0.5.0
454 silly lifecycle bindings@1.2.1~preinstall: no script for preinstall, continuing
455 silly lifecycle nan@2.5.1~preinstall: no script for preinstall, continuing
456 silly lifecycle hiredis@0.5.0~preinstall: no script for preinstall, continuing
457 silly doReverseSerial remove 0
458 silly doSerial move 0
459 silly doSerial finalize 3
460 silly finalize D:\Program Files\nodejs\node_global\node_modules\hiredis\node_modules\bindings
461 silly finalize D:\Program Files\nodejs\node_global\node_modules\hiredis\node_modules\nan
462 silly finalize D:\Program Files\nodejs\node_global\node_modules\hiredis
463 silly doSerial build 3
464 silly build bindings@1.2.1
465 info linkStuff bindings@1.2.1
466 silly linkStuff bindings@1.2.1 has D:\Program Files\nodejs\node_global\node_modules\hiredis\node_modules as its parent node_modules
467 silly linkStuff bindings@1.2.1 is part of a global install
468 silly linkStuff bindings@1.2.1 is installed into a global node_modules
469 verbose linkBins bindings@1.2.1
470 verbose linkMans bindings@1.2.1
471 silly build nan@2.5.1
472 info linkStuff nan@2.5.1
473 silly linkStuff nan@2.5.1 has D:\Program Files\nodejs\node_global\node_modules\hiredis\node_modules as its parent node_modules
474 silly linkStuff nan@2.5.1 is part of a global install
475 silly linkStuff nan@2.5.1 is installed into a global node_modules
476 verbose linkBins nan@2.5.1
477 verbose linkMans nan@2.5.1
478 silly build hiredis@0.5.0
479 info linkStuff hiredis@0.5.0
480 silly linkStuff hiredis@0.5.0 has D:\Program Files\nodejs\node_global\node_modules as its parent node_modules
481 silly linkStuff hiredis@0.5.0 is part of a global install
482 silly linkStuff hiredis@0.5.0 is installed into a global node_modules
483 silly linkStuff hiredis@0.5.0 is installed into the top-level global node_modules
484 verbose linkBins hiredis@0.5.0
485 verbose linkMans hiredis@0.5.0
486 silly doSerial global-link 0
487 silly doParallel update-linked 0
488 silly doSerial install 3
489 silly install bindings@1.2.1 D:\Program Files\nodejs\node_global\node_modules\.staging\bindings-574bf7df
490 info lifecycle bindings@1.2.1~install: bindings@1.2.1
491 silly lifecycle bindings@1.2.1~install: no script for install, continuing
492 silly install nan@2.5.1 D:\Program Files\nodejs\node_global\node_modules\.staging\nan-c6d24e59
493 info lifecycle nan@2.5.1~install: nan@2.5.1
494 silly lifecycle nan@2.5.1~install: no script for install, continuing
495 silly install hiredis@0.5.0 D:\Program Files\nodejs\node_global\node_modules\.staging\hiredis-300e1f6d
496 info lifecycle hiredis@0.5.0~install: hiredis@0.5.0
497 verbose lifecycle hiredis@0.5.0~install: unsafe-perm in lifecycle true
498 verbose lifecycle hiredis@0.5.0~install: PATH: D:\Program Files\nodejs\node_modules\npm\bin\node-gyp-bin;D:\Program Files\nodejs\node_global\node_modules\hiredis\node_modules\.bin;D:\Program Files\nodejs\node_global\node_modules\.bin;C:\ProgramData\Oracle\Java\javapath;C:\Windows\system32;C:\Windows;C:\Windows\System32\Wbem;C:\Windows\System32\WindowsPowerShell\v1.0\;C:\Program Files (x86)\NVIDIA Corporation\PhysX\Common;D:\Program Files\TortoiseSVN\bin;C:\ScDual;C:\ScDual\bin;C:\ScDual\lib;C:\ScDual\3rd\bin;C:\ScDual\3rd\lib;C:\Program Files\Microsoft SQL Server\120\Tools\Binn\;C:\Program Files\Microsoft SQL Server\130\Tools\Binn\;C:\Program Files\Git\cmd;%USERPROFILE%\.dnx\bin;C:\Program Files\Microsoft DNX\Dnvm\;C:\Program Files (x86)\Windows Kits\8.1\Windows Performance Toolkit\;C:\Program Files (x86)\Java\jdk1.8.0_111\bin;C:\Program Files (x86)\Java\jdk1.8.0_111\jre\bin;C:\Program Files (x86)\Java\jdk1.8.0_111\bin;C:\Program Files (x86)\Java\jdk1.8.0_111\jre\bin;C:\Program Files (x86)\Java\jdk1.8.0_111\bin;C:\Program Files (x86)\Java\jdk1.8.0_111\jre\bin;C:\Qt\4.8.5\bin;D:\Program Files (x86)\lua-5.3.3_Win64_bin;D:\Program Files\nodejs;D:\Program Files\nodejs\node_modules\npm\bin\node-gyp-bin;D:\Python26;D:\OpenSSL-Win32\include;
499 verbose lifecycle hiredis@0.5.0~install: CWD: D:\Program Files\nodejs\node_global\node_modules\hiredis
500 silly lifecycle hiredis@0.5.0~install: Args: [ '/d /s /c', 'node-gyp rebuild' ]
501 silly lifecycle hiredis@0.5.0~install: Returned: code: 1  signal: null
502 info lifecycle hiredis@0.5.0~install: Failed to exec install script
503 verbose unlock done using D:\Program Files\nodejs\node_cache\_locks\staging-530f0d2253de4e7b.lock for D:\Program Files\nodejs\node_global\node_modules\.staging
504 silly rollbackFailedOptional Starting
505 silly rollbackFailedOptional Finishing
506 silly runTopLevelLifecycles Finishing
507 silly install printInstalled
508 verbose stack Error: hiredis@0.5.0 install: `node-gyp rebuild`
508 verbose stack Exit status 1
508 verbose stack     at EventEmitter.<anonymous> (D:\Program Files\nodejs\node_modules\npm\lib\utils\lifecycle.js:255:16)
508 verbose stack     at emitTwo (events.js:106:13)
508 verbose stack     at EventEmitter.emit (events.js:191:7)
508 verbose stack     at ChildProcess.<anonymous> (D:\Program Files\nodejs\node_modules\npm\lib\utils\spawn.js:40:14)
508 verbose stack     at emitTwo (events.js:106:13)
508 verbose stack     at ChildProcess.emit (events.js:191:7)
508 verbose stack     at maybeClose (internal/child_process.js:877:16)
508 verbose stack     at Process.ChildProcess._handle.onexit (internal/child_process.js:226:5)
509 verbose pkgid hiredis@0.5.0
510 verbose cwd D:\Program Files\nodejs
511 error Windows_NT 6.1.7601
512 error argv "D:\\Program Files\\nodejs\\node.exe" "D:\\Program Files\\nodejs\\node_modules\\npm\\bin\\npm-cli.js" "install" "hiredis" "-g"
513 error node v6.9.5
514 error npm  v3.10.10
515 error code ELIFECYCLE
516 error hiredis@0.5.0 install: `node-gyp rebuild`
516 error Exit status 1
517 error Failed at the hiredis@0.5.0 install script 'node-gyp rebuild'.
517 error Make sure you have the latest version of node.js and npm installed.
517 error If you do, this is most likely a problem with the hiredis package,
517 error not with npm itself.
517 error Tell the author that this fails on your system:
517 error     node-gyp rebuild
517 error You can get information on how to open an issue for this project with:
517 error     npm bugs hiredis
517 error Or if that isn't available, you can get their info via:
517 error     npm owner ls hiredis
517 error There is likely additional logging output above.
518 verbose exit [ 1, true ]
